20240320-02:13:09	ac450766-4a19-409c-8f53-905f55cc4ce5	GET	undefined	/davegray/v2/employee
20240320-02:13:18	a846ca84-672a-4395-8bea-6c4f12f60127	GET	undefined	/davegray/v2/employee
20240320-02:14:48	baaf06a9-af65-4868-afa9-0db183cb7e2d	POST	undefined	/davegray/v1/auth/signin
20240320-02:16:27	885abe46-7cc4-4bcb-ba3b-20c5556fb339	GET	undefined	/davegray/v2/employee
20240320-02:17:01	5f188553-fa5a-47dc-8d04-c18c431d9936	GET	undefined	/davegray/v2/employee
20240320-02:17:14	f6419220-e2bc-4a5f-b2df-2a0b56d46ed1	GET	undefined	/davegray/v1/auth/refresh
20240320-02:17:26	d0de9049-c0ee-431f-b6c9-96440dfc8279	GET	undefined	/davegray/v2/employee
20240320-02:18:24	8d059e1f-5741-4109-b95a-dbc972b889bc	GET	undefined	/davegray/v2/employee
20240320-02:19:20	53546cf0-f270-400f-a30b-01723800bded	POST	undefined	/davegray/v1/auth/signin
20240320-02:19:33	de024909-41c2-452c-bea5-f45b270938d1	GET	undefined	/davegray/v2/employee
20240320-02:20:41	683496d3-9f8d-4991-b592-dc7af393092d	GET	undefined	/davegray/v1/auth/refresh
20240320-02:21:01	629edf43-b8fe-4c60-b518-8c49480e2803	DELETE	undefined	/davegray/v1/auth/signout
20240320-02:21:17	6180c2f8-222a-414f-8c19-f58345832878	POST	undefined	/davegray/v2/auth/signin
20240320-02:22:10	f518f564-623f-41ff-8b45-849c11ce5c45	GET	undefined	/davegray/v2/user
20240320-02:22:21	2105dbe1-4560-4f08-96df-56b78e320d73	GET	undefined	/davegray/v2/employee
20240320-02:22:33	a1807262-14c2-4535-bf8f-496f78712fe8	GET	undefined	/davegray/v2/employee
20240320-02:22:56	f8c62cd8-68d0-43a8-9d0b-ac2bbff02126	POST	undefined	/davegray/v2/auth/signin
20240320-02:23:07	587b7722-3ec5-42ff-a9af-3642aaf07c41	POST	undefined	/davegray/v2/auth/signin
20240320-02:23:38	446b5d99-1b08-4558-a866-ed2420e0d0d1	POST	undefined	/davegray/v2/auth/signin
20240320-02:23:52	98cc0390-e3c3-477b-b890-9e481b62daf2	GET	undefined	/davegray/v2/employee
20240320-02:23:59	eb0324d9-7cb2-47f3-96ae-b0384dc35c59	GET	undefined	/davegray/v2/auth/refresh
20240320-02:24:04	2d064f62-c87f-46be-b002-745019b79f7c	DELETE	undefined	/davegray/v2/auth/signout
20240320-02:24:09	62f41e91-9ce0-41e6-b9a8-3d5719adca74	GET	undefined	/davegray/v2/auth/refresh
20240320-02:24:11	e2e4593e-c8a3-436f-bcbf-849cc4f62329	GET	undefined	/davegray/v2/auth/refresh
20240320-02:25:09	44e9d8f4-6a38-4202-892d-cd7e403be922	DELETE	undefined	/davegray/v2/auth/signout
20240320-02:25:14	77fec1ad-791f-496f-ba9a-021ae36fca4b	GET	undefined	/davegray/v2/auth/refresh
20240320-02:25:53	a85bce6a-95b2-435d-95e1-22f56c9be007	DELETE	undefined	/davegray/v2/auth/signout
20240320-02:28:30	d7f4f835-6290-49a0-a0d7-88a0dc6632b0	DELETE	undefined	/davegray/v2/auth/signout
20240320-02:28:35	89af9086-fe35-4b00-a8be-66a24ae31390	GET	undefined	/davegray/v2/auth/refresh
20240320-02:28:45	954187e9-f4d9-4bd0-aff5-3ee44d1ee14d	POST	undefined	/davegray/v2/auth/signin
20240320-02:28:52	f86922b2-d518-4b37-846d-60b7ff7e6141	DELETE	undefined	/davegray/v2/auth/signout
20240320-04:50:47	c135592c-281c-4a87-9eab-dc8d5e3b5866	GET	http://localhost:5173	/davegray/v2/user
20240320-04:51:43	47d315b6-25c5-4809-8e95-3618d0237034	GET	http://localhost:5173	/davegray/v2/user
20240320-04:54:51	24ea6f32-5fcf-4405-bb33-c1ac688f99d4	GET	http://localhost:5173	/davegray/v2/user
20240320-04:54:58	e5eed758-4425-4a00-a1e8-14eeea078818	GET	http://localhost:5173	/davegray/v2/user
20240320-05:00:29	2c5e0018-529d-4f47-b7ef-8099e6fc47c8	GET	http://localhost:5173	/davegray/v2/user
20240320-05:01:05	f25a1019-35a8-4a4e-b145-0bed81148650	GET	http://localhost:5173	/davegray/v2/user
20240320-05:03:21	2c6c214a-c609-4c1b-87f6-8f7550f0fe63	GET	http://localhost:5173	/davegray/v2/user
20240320-05:05:30	1c5a0469-a4e0-452c-b3e8-a90963d8fffe	GET	http://localhost:5173	/davegray/v2/user
20240320-05:07:46	1f1cb7fa-06a6-4796-9187-e273dec1f5d7	GET	http://localhost:5173	/davegray/v2/user
20240320-05:09:05	8a9e6e21-d72b-4971-9537-8f3abd35f40b	GET	http://localhost:5173	/davegray/v2/user
20240320-05:17:26	31311b6d-aed9-42e8-94c0-06ed71323b4d	GET	http://localhost:5173	/davegray/v2/user
20240320-05:18:06	1651937b-4b8d-413d-9fd6-a9c9c4a0b286	GET	http://localhost:5173	/davegray/v2/user
20240320-05:19:16	2012a6e5-3e40-4fd9-81f2-bf95be28004f	GET	http://localhost:5173	/davegray/v2/user
20240320-05:20:28	09c5e6ae-ca0e-4813-a724-706a7fcd1c7f	GET	http://localhost:5173	/davegray/v2/user
20240320-05:21:32	5ec12a91-90f3-49bb-b9d5-10ea10ae56ee	GET	http://localhost:5173	/davegray/v2/user
20240320-05:22:20	0f2caf5b-053c-45e5-b9aa-781495d55892	GET	http://localhost:5173	/davegray/v2/user
20240320-05:22:50	1cc9addd-8e5e-4def-a0a1-045732af6c05	GET	http://localhost:5173	/davegray/v2/user
20240320-05:23:22	f11fb284-ea3c-4a41-9ea8-b2552dfff789	GET	http://localhost:5173	/davegray/v2/user
20240320-05:24:15	6cbf5d12-85f6-49f0-b78b-fa353636f547	GET	http://localhost:5173	/davegray/v2/user
20240320-05:26:33	3f90f3e4-f814-4ef8-b0e5-5c7b0b0a1bd0	GET	http://localhost:5173	/davegray/v2/user
20240320-05:27:07	f7f748b0-40f7-4d8d-ad8f-b5cdafd75af9	GET	http://localhost:5173	/davegray/v2/user
20240320-05:28:09	2f13db81-8974-4247-9345-760de406131a	GET	http://localhost:5173	/davegray/v2/user
20240320-05:29:06	1717f4b9-de5b-4c81-8c84-adffc1cf26cc	GET	http://localhost:5173	/davegray/v2/user
20240320-15:32:29	5afa3c3f-986c-46c7-9e42-c732916d38dd	GET	http://localhost:5173	/davegray/v2/user
20240320-15:33:53	d234f10a-1547-4efe-b662-6053d5b57873	GET	http://localhost:5173	/davegray/v2/employee
20240320-15:33:55	56c3d786-892f-46e9-ae28-06b69c80ef7c	GET	http://localhost:5173	/davegray/v2/note
20240320-15:45:54	a1be2d84-bf49-4291-941d-23176e935c51	GET	http://localhost:5173	/davegray/v2/user
20240320-15:47:55	4387908d-0629-4575-b10a-f6f8935e3a1b	GET	http://localhost:5173	/davegray/v2/user
20240320-15:49:24	7a59aa11-d75b-4b10-a85e-6ad03459627d	OPTIONS	http://localhost:5173	/davegray/v2/user
20240320-15:49:24	9a2ec320-cc24-4d0e-ad30-f7892fdd3942	PATCH	http://localhost:5173	/davegray/v2/user
20240320-15:49:24	2481338a-6288-4a93-82be-f1f53cc4ada5	GET	http://localhost:5173	/davegray/v2/user
20240320-15:51:39	36cb1af8-081f-4c09-88fd-065c8e543f9f	OPTIONS	http://localhost:5173	/davegray/v2/user
20240320-15:51:39	d88ec6ef-9fe5-4b9c-8714-37017db16a8e	PATCH	http://localhost:5173	/davegray/v2/user
20240320-15:51:39	cfbafb44-fc0f-4c33-8eb7-83a8dd9829c7	GET	http://localhost:5173	/davegray/v2/user
20240320-15:53:02	843941a8-2220-4b50-9893-a71ce35503a9	GET	http://localhost:5173	/davegray/v2/user
20240320-15:53:05	13e9241a-9398-405f-8561-df3466722746	OPTIONS	http://localhost:5173	/davegray/v2/user/65f9481cbc40f854c9586c37
20240320-15:53:05	76c8e6c2-8710-4114-80fd-de0e98eff60d	PATCH	http://localhost:5173	/davegray/v2/user/65f9481cbc40f854c9586c37
20240320-15:53:06	d487e106-6f41-4269-b0cb-81f1403fda80	GET	http://localhost:5173	/davegray/v2/user
20240320-15:53:16	e68a4aa9-ca61-464b-9023-c0a9a6a08a9e	OPTIONS	http://localhost:5173	/davegray/v2/user/65f9481cbc40f854c9586c37
20240320-15:53:16	fe678037-9187-427d-9777-a3da9113c7c6	PATCH	http://localhost:5173	/davegray/v2/user/65f9481cbc40f854c9586c37
20240320-15:53:16	df0adf82-02c0-4d68-ba3a-c5ce7fdb8f92	GET	http://localhost:5173	/davegray/v2/user
20240320-15:57:37	b3326c13-45c6-4260-a743-f77599783a22	OPTIONS	http://localhost:5173	/davegray/v2/user/65f9481cbc40f854c9586c37
20240320-15:57:37	bc01f1cc-5569-44b7-bc2b-baf41caa1cff	PATCH	http://localhost:5173	/davegray/v2/user/65f9481cbc40f854c9586c37
20240320-15:57:37	a05efd4f-8fec-4b92-80a9-7a412228a571	GET	http://localhost:5173	/davegray/v2/user
20240320-15:58:58	7b4f8bee-cff8-4baa-a557-53ed08c7efee	OPTIONS	http://localhost:5173	/davegray/v2/user/65f9481cbc40f854c9586c37
20240320-15:58:59	bf91752f-c6e6-4b65-b606-a2efea1eab70	PATCH	http://localhost:5173	/davegray/v2/user/65f9481cbc40f854c9586c37
20240320-15:58:59	8e794bba-87a2-4d70-b2b6-f1d280c638bb	GET	http://localhost:5173	/davegray/v2/user
20240320-15:59:31	92a05bce-f0f1-4f9e-a08a-ab46513a5f0f	GET	http://localhost:5173	/davegray/v2/user
20240320-17:20:47	5b2e72e7-33b8-41ce-bdda-77adb16b8897	GET	http://localhost:5173	/davegray/v2/user
20240320-17:44:01	bf44c917-34e8-474d-b73e-3179c7aaae92	OPTIONS	http://localhost:5173	/davegray/v2/user/65f946e9baa349792affba68
20240320-17:44:01	e8b6276f-7876-4447-bc04-15ed8261ab90	PATCH	http://localhost:5173	/davegray/v2/user/65f946e9baa349792affba68
20240320-17:44:01	43c0ca48-4b97-4962-af4c-a29581ab2b35	GET	http://localhost:5173	/davegray/v2/user
20240320-17:44:12	f10ab2c0-a175-4ad1-b260-04541c30eec5	OPTIONS	http://localhost:5173	/davegray/v2/user/65f946e9baa349792affba68
20240320-17:44:12	b65c8931-f258-4cfb-9017-a73714b656cc	PATCH	http://localhost:5173	/davegray/v2/user/65f946e9baa349792affba68
20240320-17:44:12	7db5fe30-1225-412c-b50d-7b8731e4aa65	GET	http://localhost:5173	/davegray/v2/user
20240320-17:44:21	c6a2629f-2bd7-41cf-b653-a2af9ec8d147	GET	http://localhost:5173	/davegray/v2/user
20240320-17:44:29	3daa3ee8-f12c-4c91-8ad7-4a0db1c7c425	OPTIONS	http://localhost:5173	/davegray/v2/user/65f946eebaa349792affba6c
20240320-17:44:29	9db4b8ca-68af-4c8f-a659-e49037318d38	PATCH	http://localhost:5173	/davegray/v2/user/65f946eebaa349792affba6c
20240320-17:44:29	916a6ec0-68de-45a6-be79-5fc18fc252b3	GET	http://localhost:5173	/davegray/v2/user
20240320-17:44:35	a3e70303-d5c6-4607-8516-ad4ba10dfa23	OPTIONS	http://localhost:5173	/davegray/v2/user/65f946eebaa349792affba6c
20240320-17:44:35	ef2ea73c-6071-4053-bd4b-644902cf75f4	PATCH	http://localhost:5173	/davegray/v2/user/65f946eebaa349792affba6c
20240320-17:44:35	fb0e801e-222f-4492-bf37-0eee6271b272	GET	http://localhost:5173	/davegray/v2/user
20240320-17:49:28	c28d3c22-2063-4ba0-b359-2692bcf8e784	OPTIONS	http://localhost:5173	/davegray
20240320-17:49:28	2e882ff3-2f48-4b31-b161-71e428bc883f	POST	http://localhost:5173	/davegray
20240320-17:49:28	8741b5e0-6425-40ef-8008-fc30623b459f	GET	http://localhost:5173	/davegray/v2/user
20240320-17:50:36	c8d85f2f-46da-45ac-806f-65b58b26ff57	OPTIONS	http://localhost:5173	/davegray
20240320-17:50:36	471b4c30-56ef-47f6-a344-7f74633c8efc	POST	http://localhost:5173	/davegray
20240320-17:50:36	c70a7873-5953-4b13-b1a2-d3b71090c0af	GET	http://localhost:5173	/davegray/v2/user
20240320-17:53:11	6642a7bd-b011-45df-8f24-a5f1117dd62b	GET	http://localhost:5173	/davegray/v2/user
20240320-17:54:51	57053062-f191-450c-aa4b-25a08aab15f8	OPTIONS	http://localhost:5173	/davegray/v2/auth/signup
20240320-17:54:51	5f221903-cd22-4319-a805-7fa4dc1fd0ca	POST	http://localhost:5173	/davegray/v2/auth/signup
20240320-17:54:51	58516fb4-a0fb-4b29-b5fe-6d7022f4639d	GET	http://localhost:5173	/davegray/v2/user
20240320-17:58:13	826c2b6e-f310-42a7-897e-a6a68378dbae	OPTIONS	http://localhost:5173	/davegray/v2/auth/signup
20240320-17:58:13	7248bbe5-548a-43f0-a056-8e2d4b0059fc	POST	http://localhost:5173	/davegray/v2/auth/signup
20240320-17:58:13	2b717ee5-e37f-4cac-9494-fe349e59efe5	GET	http://localhost:5173	/davegray/v2/user
20240320-18:00:12	78e1fad0-d038-4d8d-92b4-9ba8fd501173	GET	http://localhost:5173	/davegray/v2/user
20240320-18:06:40	3080e6ab-6d4b-4f12-8364-45e2c492bc2e	OPTIONS	http://localhost:5173	/davegray/v2/user/undefined
20240320-18:06:40	592b3c9e-5fd8-4fef-8376-60ef1bdbf24b	DELETE	http://localhost:5173	/davegray/v2/user/undefined
20240320-18:13:06	a0fd0bcc-c9ac-4c6f-bb5c-ec76d9ce2ce0	OPTIONS	http://localhost:5173	/davegray/v2/user/65f9481cbc40f854c9586c37
20240320-18:13:06	82b0f6ca-6449-4c9b-9ad2-4395bba8bdaa	DELETE	http://localhost:5173	/davegray/v2/user/65f9481cbc40f854c9586c37
20240320-18:13:15	3df7ac6c-3f70-4b2e-a1fb-414b764e6b6d	OPTIONS	http://localhost:5173	/davegray/v2/user/65fac07bb77a7a62607c7e7a
20240320-18:13:15	a21b12fe-169d-4d0e-ad92-af885cae506b	DELETE	http://localhost:5173	/davegray/v2/user/65fac07bb77a7a62607c7e7a
20240320-19:23:55	c033d202-74bb-4a12-9296-8788c8b42206	OPTIONS	http://localhost:5173	/davegray/v2/user/65fac07bb77a7a62607c7e7a
20240320-19:23:55	af554aa8-19e5-4911-96ab-1d34c4d5ef9b	DELETE	http://localhost:5173	/davegray/v2/user/65fac07bb77a7a62607c7e7a
20240320-19:24:18	baa2417b-0fe1-4dae-9f03-8150b2d28087	GET	http://localhost:5173	/davegray/v2/user
20240320-19:25:27	7e2d8b21-04e6-464c-a3ac-7aea2964f459	OPTIONS	http://localhost:5173	/davegray/v2/user/65fac145b77a7a62607c7e7f
20240320-19:25:27	f3426dfd-123d-4be9-bbcd-340e86fd60c7	DELETE	http://localhost:5173	/davegray/v2/user/65fac145b77a7a62607c7e7f
20240320-19:25:27	3e5a2775-c746-45d8-b7b4-ecd8b8eb2131	GET	http://localhost:5173	/davegray/v2/user
20240320-19:25:45	1e4ae164-fee7-4886-8763-7b0f080935f0	OPTIONS	http://localhost:5173	/davegray/v2/user/65f946eebaa349792affba6c
20240320-19:25:45	a5a96414-84fe-41bd-9c87-ea6cf33b4888	DELETE	http://localhost:5173	/davegray/v2/user/65f946eebaa349792affba6c
20240320-19:25:46	e14dae4f-1879-4ef5-87a4-2a5c45a698fd	GET	http://localhost:5173	/davegray/v2/user
20240320-19:25:58	1ff24b2c-2cbd-4539-8dd3-319c5a99054b	GET	http://localhost:5173	/davegray/v2/note
20240320-19:27:47	c6e529c6-76cd-44ab-b86f-d62876f84cce	GET	http://localhost:5173	/davegray/v2/user
20240320-19:27:47	8094e62a-760e-40e7-87bf-d47743b746c2	GET	http://localhost:5173	/davegray/v2/note
20240320-19:29:38	84d10ac5-9f6e-483e-8312-1f64b46a9406	OPTIONS	http://localhost:5173	/davegray/v2/user/65f9481cbc40f854c9586c37
20240320-19:29:38	38a1a45d-1cd2-4cc5-9202-ea9e8b6fa380	DELETE	http://localhost:5173	/davegray/v2/user/65f9481cbc40f854c9586c37
20240320-19:29:38	1d849f8a-b2f7-415f-b9e4-3322e853630e	GET	http://localhost:5173	/davegray/v2/user
20240320-19:29:45	d2d367c4-39f5-42e4-9eff-c60896853fec	OPTIONS	http://localhost:5173	/davegray/v2/user/65f9481cbc40f854c9586c37
20240320-19:29:45	87072832-09f8-4b5f-855b-6dcf7bcf59be	DELETE	http://localhost:5173	/davegray/v2/user/65f9481cbc40f854c9586c37
20240320-19:29:45	b66de9f8-8066-4ec6-b358-043a43e7c4cd	GET	http://localhost:5173	/davegray/v2/user
20240320-19:30:52	3289708c-18f0-4f55-a1be-5c766ec57909	OPTIONS	http://localhost:5173	/davegray/v2/user/65f9481cbc40f854c9586c37
20240320-19:30:52	76085806-fb60-4fcc-b2fb-5181bf71c22c	DELETE	http://localhost:5173	/davegray/v2/user/65f9481cbc40f854c9586c37
20240320-19:30:52	e78a4933-ba45-49af-8ad2-2fc6afd7d924	GET	http://localhost:5173	/davegray/v2/user
20240320-19:31:27	0ea0ba05-e608-45f9-a674-05888d434253	OPTIONS	http://localhost:5173	/davegray/v2/user/65f9481cbc40f854c9586c37
20240320-19:31:27	1b0b586e-ad20-4127-a92e-c474b7a89f5e	DELETE	http://localhost:5173	/davegray/v2/user/65f9481cbc40f854c9586c37
20240320-19:31:27	8037b82f-ddc6-47b7-bf67-e42d2b23985f	GET	http://localhost:5173	/davegray/v2/user
20240320-19:31:38	5b8b1c6e-0b37-4901-bd64-118d35239a14	OPTIONS	http://localhost:5173	/davegray/v2/user/65f9481cbc40f854c9586c37
20240320-19:31:38	f4871e48-72f2-4444-ba0a-67cf1eda13cf	DELETE	http://localhost:5173	/davegray/v2/user/65f9481cbc40f854c9586c37
20240320-19:31:38	9f74716c-aaf8-4c06-a187-1ed046c8aa03	GET	http://localhost:5173	/davegray/v2/user
20240320-19:31:44	c1434cfc-b97b-45f6-9ef3-856bdb7b0eea	OPTIONS	http://localhost:5173	/davegray/v2/user/65f9481cbc40f854c9586c37
20240320-19:31:44	5749d0b4-3086-43f3-8b75-4509093411e2	DELETE	http://localhost:5173	/davegray/v2/user/65f9481cbc40f854c9586c37
20240320-19:31:44	6c8955f4-ccf7-43db-b7e2-b1a084733b9b	GET	http://localhost:5173	/davegray/v2/user
20240320-19:31:59	88cfef82-de91-4749-9f5a-ba37ccc3d71a	OPTIONS	http://localhost:5173	/davegray/v2/user/65f9481cbc40f854c9586c37
20240320-19:31:59	fa98332b-c851-441d-9299-32172279fd70	DELETE	http://localhost:5173	/davegray/v2/user/65f9481cbc40f854c9586c37
20240320-19:31:59	dee28dad-b232-4de0-b0df-885d4cee6999	GET	http://localhost:5173	/davegray/v2/user
20240320-19:40:50	e5ee2fdb-0777-4f56-9319-1a31d8a00508	OPTIONS	http://localhost:5173	/davegray/v2/auth/signup
20240320-19:40:50	5372ddf9-4f18-445b-8a83-b209498788b2	POST	http://localhost:5173	/davegray/v2/auth/signup
20240320-19:40:51	ae1f87b9-a9a6-47e4-926f-73e3b2ebe072	GET	http://localhost:5173	/davegray/v2/user
20240320-19:40:58	9cf0f3bd-16fd-4fd4-8f08-0eb4941f47dc	OPTIONS	http://localhost:5173	/davegray/v2/user/65fad95399e25ac282b5e630
20240320-19:40:58	65d51a48-3e6b-4cdb-9f84-dd350c4af9a6	DELETE	http://localhost:5173	/davegray/v2/user/65fad95399e25ac282b5e630
20240320-19:40:58	a773617e-86f0-4a0c-b901-8a01081c4e56	GET	http://localhost:5173	/davegray/v2/user
20240320-19:41:32	35c6c947-15a1-4fd3-a9b4-052c295c2f08	OPTIONS	http://localhost:5173	/davegray/v2/user/65f9481cbc40f854c9586c37
20240320-19:41:32	123d64b0-d3d6-4be5-b2ee-fc4681f90b42	DELETE	http://localhost:5173	/davegray/v2/user/65f9481cbc40f854c9586c37
20240320-19:41:32	8fb80b15-f182-4b3a-8a55-3db9be2ccadb	GET	http://localhost:5173	/davegray/v2/user
20240320-19:41:35	2bd5e282-7121-4397-b6a9-9cd958714cd5	GET	http://localhost:5173	/davegray/v2/user
20240320-19:41:38	f0a0a15b-e072-4a90-b9db-1b8a4407cde8	OPTIONS	http://localhost:5173	/davegray/v2/user/65f9481cbc40f854c9586c37
20240320-19:41:38	d54121f9-5196-463e-b06c-9b9c6b571c14	DELETE	http://localhost:5173	/davegray/v2/user/65f9481cbc40f854c9586c37
20240320-19:41:38	115fbae0-3b66-4596-9965-74001a04db7b	GET	http://localhost:5173	/davegray/v2/user
20240320-19:41:42	f7fb3d8e-3c7c-4dcd-9312-a3ff1f5e30ad	GET	http://localhost:5173	/davegray/v2/user
20240320-19:44:21	5080cba8-9f5f-43be-a423-13ab1eee2f9a	OPTIONS	http://localhost:5173	/davegray/v2/user/65f9481cbc40f854c9586c37
20240320-19:44:21	d6d66d90-c3c8-44ba-9d59-47e7822fa9d1	DELETE	http://localhost:5173	/davegray/v2/user/65f9481cbc40f854c9586c37
20240320-19:44:21	8a5f1128-7324-42b9-80d0-348b345f829c	GET	http://localhost:5173	/davegray/v2/user
20240320-19:44:52	7317f725-e484-4eaa-8e9b-7b25c800ca2d	OPTIONS	http://localhost:5173	/davegray/v2/user/65f9481cbc40f854c9586c37
20240320-19:44:52	2bc40a4b-aa46-40e6-b20c-5a9d83a11a08	DELETE	http://localhost:5173	/davegray/v2/user/65f9481cbc40f854c9586c37
20240320-19:44:52	0e218c7c-f5cd-4fdd-a305-3a8308127bfc	GET	http://localhost:5173	/davegray/v2/user
20240320-19:44:57	7c6342b9-d2bf-4bea-8ba4-97ac45ab927d	GET	http://localhost:5173	/davegray/v2/user
20240320-19:54:59	5632a813-caa7-49d3-9fdc-49ce62605825	OPTIONS	http://localhost:5173	/davegray/v2/user/65f9481cbc40f854c9586c37
20240320-19:54:59	84911bf6-9001-4574-a353-6a6e86cad173	DELETE	http://localhost:5173	/davegray/v2/user/65f9481cbc40f854c9586c37
20240320-19:54:59	733a0e2b-d68a-4088-a8f3-1541e43863a1	GET	http://localhost:5173	/davegray/v2/user
20240320-19:55:05	1005c005-224d-43c4-9f69-82d6b5287b64	OPTIONS	http://localhost:5173	/davegray/v2/user/65f9481cbc40f854c9586c37
20240320-19:55:05	fbdd4a4a-68f0-432d-856c-b115d699c3f4	DELETE	http://localhost:5173	/davegray/v2/user/65f9481cbc40f854c9586c37
20240320-19:55:05	3acfcdc1-ac10-4678-9042-c42086d78388	GET	http://localhost:5173	/davegray/v2/user
20240320-19:55:52	4a2a01ac-d562-4e5f-9f04-4bfc811d15c1	OPTIONS	http://localhost:5173	/davegray/v2/user/65f9481cbc40f854c9586c37
20240320-19:55:52	0ff4ea9d-3cda-43ef-ad4d-9961d3860b9d	DELETE	http://localhost:5173	/davegray/v2/user/65f9481cbc40f854c9586c37
20240320-19:55:52	5fdab51c-21c5-4139-b71e-ac1f518aae30	GET	http://localhost:5173	/davegray/v2/user
20240320-19:58:07	c2219dca-c7de-4d7e-abfb-b54bfec8a268	OPTIONS	http://localhost:5173	/davegray/v2/user/65f9481cbc40f854c9586c37
20240320-19:58:07	86acb1ab-c1db-488c-86cc-9ac701a60b66	DELETE	http://localhost:5173	/davegray/v2/user/65f9481cbc40f854c9586c37
20240320-19:58:07	6d93e1c9-7ab0-47e8-95a7-b980cfe6fc72	GET	http://localhost:5173	/davegray/v2/user
20240320-19:58:50	10218ea5-4501-4f42-b62a-50443db9ce31	GET	http://localhost:5173	/davegray/v2/user
20240320-19:58:54	c11c9a7e-7c6f-440c-a2cf-015b01e028d0	OPTIONS	http://localhost:5173	/davegray/v2/user/65f9481cbc40f854c9586c37
20240320-19:58:54	c8a36db9-554c-45f9-8b54-37d2269e9799	DELETE	http://localhost:5173	/davegray/v2/user/65f9481cbc40f854c9586c37
20240320-19:58:54	0045dc07-e0ec-4c22-b6cf-38313d2ed08c	GET	http://localhost:5173	/davegray/v2/user
20240320-20:03:02	b1f14e4d-c179-4af9-a94d-a73bc4d5bac5	GET	http://localhost:5173	/davegray/v2/note
20240320-20:03:03	6c727563-075c-4a0d-84a6-45839f9e040b	GET	http://localhost:5173	/davegray/v2/employee
20240320-20:04:31	06feb297-54ab-48a2-8f38-f0a8b11cd181	GET	http://localhost:5173	/davegray/v2/user
20240320-20:27:49	836c0c0e-f624-43e5-9a4d-6c920f1b070f	GET	http://localhost:5173	/davegray/v2/user
20240320-20:27:49	baf6d2ca-0abf-439c-91d6-1dbd893b20c2	GET	http://localhost:5173	/davegray/v2/note
20240320-20:33:21	ef335db5-9c69-4a89-bb57-b77e96e82a31	GET	http://localhost:5173	/davegray/v2/user
20240320-20:33:21	704b007b-1349-41f1-b57d-01d5a81cfaa2	GET	http://localhost:5173	/davegray/v2/note
20240320-20:33:21	6214afab-6312-4dfc-9d73-15110751a7d5	GET	http://localhost:5173	/davegray/v2/employee
20240320-20:35:09	7070fa19-cfb0-4c96-87d3-b9807b2eec35	GET	http://localhost:5173	/davegray/v2/user
20240320-20:35:09	8698fc71-fcf8-4dfe-9627-05254400292c	GET	http://localhost:5173	/davegray/v2/note
20240320-20:35:09	b20556f5-a684-42d1-9cec-623ebfd9dc69	GET	http://localhost:5173	/davegray/v2/employee
20240320-20:35:30	dbc156ef-374e-4715-9af9-6369ad4aea43	GET	http://localhost:5173	/davegray/v2/user
20240320-20:35:30	296dc2a3-16ed-4940-8f1b-158017ec03e2	GET	http://localhost:5173	/davegray/v2/note
20240320-20:35:30	e17588cf-00f4-4cd9-b758-0c4717955318	GET	http://localhost:5173	/davegray/v2/employee
20240320-20:36:22	cf02f522-9ec3-421f-9b4c-7dd68b161c1e	GET	http://localhost:5173	/davegray/v2/note
20240320-20:36:22	c48585fd-c414-42cc-a07c-25b564dd0c3c	GET	http://localhost:5173	/davegray/v2/user
20240320-20:36:27	f1ecd0c4-2e60-4b7a-9bcc-8f873cf119f4	GET	http://localhost:5173	/davegray/v2/employee
20240320-20:37:03	617f377a-d7fa-4680-9aae-61917e769ba6	GET	http://localhost:5173	/davegray/v2/note
20240320-20:37:06	84bdd1a4-51c6-4e0d-a164-9a71944b5b06	GET	http://localhost:5173	/davegray/v2/user
20240320-20:39:06	9d3fb5ba-b733-457e-8be4-59b6345ac189	GET	http://localhost:5173	/davegray/v2/user
20240320-20:39:06	549132f0-a6c7-4560-b23f-942d4ce36173	GET	http://localhost:5173	/davegray/v2/note
20240320-20:39:29	42108e60-bd81-43cf-9711-2390420bea2e	GET	http://localhost:5173	/davegray/v2/employee
20240320-20:39:34	317c69d3-6d5b-4b5a-8bc1-f6c6e934c121	GET	http://localhost:5173	/davegray/v2/user
20240320-20:39:34	7d83660a-d7c4-40e4-a1d0-51cccbaaad62	GET	http://localhost:5173	/davegray/v2/note
20240320-20:39:34	88f4faaa-5f62-47ae-bb1f-73c857838515	GET	http://localhost:5173	/davegray/v2/employee
20240320-20:39:56	8dfd33a4-535d-4024-90e8-d477cbbc10ee	GET	http://localhost:5173	/davegray/v2/note
20240320-20:39:56	e6d3e7be-48cc-4aa4-9ab6-499f9a4563c8	GET	http://localhost:5173	/davegray/v2/user
20240320-20:40:13	ee856ae3-455e-442d-9b58-fb78e37260bc	GET	http://localhost:5173	/davegray/v2/note
20240320-20:40:13	deefefd2-1ed8-4615-a466-7b1de216f463	GET	http://localhost:5173	/davegray/v2/user
20240320-20:41:18	179aa134-b367-4c78-bd91-cc73f87c0b14	GET	http://localhost:5173	/davegray/v2/note
20240320-20:41:18	03cf9d38-50af-43cf-a20f-ffc39d32d7f8	GET	http://localhost:5173	/davegray/v2/user
20240320-20:41:33	4789ddf6-bedd-419f-8459-df320236fe73	GET	http://localhost:5173	/davegray/v2/note
20240320-20:41:33	a3ce3f73-52bd-404f-8dcc-81e18d6bfe82	GET	http://localhost:5173	/davegray/v2/user
20240320-20:43:14	0b04b4d4-39c3-4f77-8ebc-f686032ee0b1	GET	http://localhost:5173	/davegray/v2/user
20240320-20:43:14	cc4a10c8-391c-4517-9eb7-474e20430050	GET	http://localhost:5173	/davegray/v2/note
20240320-20:44:36	2668f5f2-38d4-4b03-b636-82e63d9e250e	GET	http://localhost:5173	/davegray/v2/note
20240320-20:44:36	446d2cba-6b06-4a1d-adf3-380f12f0a5ce	GET	http://localhost:5173	/davegray/v2/user
20240320-20:56:05	ee67ce24-e7a3-4902-aa68-b4136716669f	GET	http://localhost:5173	/davegray/v2/note
20240320-20:56:05	13cd9909-e7cd-4fcf-ab87-db26c8a2d9b8	GET	http://localhost:5173	/davegray/v2/user
20240320-21:07:23	daee7137-dc64-4646-abe2-4a41d54fbba3	OPTIONS	http://localhost:5173	/davegray/v2/auth/signin
20240320-21:07:23	0cea7483-2ecd-4e33-9e2c-5a591d2a1a03	POST	http://localhost:5173	/davegray/v2/auth/signin
20240320-21:08:30	1a1407d9-95aa-4394-b289-120014ff3ae0	OPTIONS	http://localhost:5173	/davegray/v2/auth/signin
20240320-21:08:30	fab0478d-871b-41e0-b7e8-d28cc7f1ee8c	POST	http://localhost:5173	/davegray/v2/auth/signin
20240320-21:08:38	68c8e2e8-66cf-4ab1-a21b-fb91d57f10de	OPTIONS	http://localhost:5173	/davegray/v2/auth/signin
20240320-21:08:38	42d2caa0-3fde-439e-b7f2-4b9a7c9c4ba8	POST	http://localhost:5173	/davegray/v2/auth/signin
20240320-22:08:24	784116fd-b180-44d7-9f3c-ee43123a02d1	OPTIONS	http://localhost:5173	/davegray/v2/auth/signin
20240320-22:08:24	f2fa03ef-b96e-44d4-9957-bc0001a5dd48	POST	http://localhost:5173	/davegray/v2/auth/signin
20240320-22:12:43	f3864366-a512-4f17-8081-ffdcb429537f	OPTIONS	http://localhost:5173	/davegray/v2/auth/signin
20240320-22:12:43	3e166c37-7e8a-4ef1-8bfa-f2a828e118e0	POST	http://localhost:5173	/davegray/v2/auth/signin
20240320-22:13:03	13eb62a8-67a0-435a-8204-47e6be1cd5d4	OPTIONS	http://localhost:5173	/davegray/v2/auth/signin
20240320-22:13:03	011ca875-dad3-4a49-88c2-7882ee9b2188	POST	http://localhost:5173	/davegray/v2/auth/signin
20240320-22:13:04	9d02ebb3-e76d-44c7-ae27-5af37232115b	GET	http://localhost:5173	/davegray/v2/note
20240320-22:13:04	2aad7eee-665d-447f-9f4f-2093cd803d57	GET	http://localhost:5173	/davegray/v2/user
20240320-22:17:31	7e262c78-149b-4383-9066-dd7c6f34ea98	GET	http://localhost:5173	/davegray/v2/employee
20240320-22:17:37	912fc7b2-f666-4b24-b55d-bc47a8667301	GET	http://localhost:5173	/davegray/v2/user
20240320-22:17:37	b283057a-d4d9-45cf-b334-388f677d32f0	GET	http://localhost:5173	/davegray/v2/employee
20240320-22:17:37	d23cb8f9-063d-438c-a559-af3e1b310a99	GET	http://localhost:5173	/davegray/v2/note
20240320-22:18:08	087b76e2-338e-418c-9ef7-abc8763042c8	GET	http://localhost:5173	/davegray/v2/employee
20240320-22:18:12	c8083af4-64ca-4662-8832-1e36cc3d0c1d	GET	http://localhost:5173	/davegray/v2/employee
20240320-22:18:12	4bc00fda-1c99-4160-bd22-f128b416aca1	GET	http://localhost:5173	/davegray/v2/user
20240320-22:18:12	7bcb5f65-5e81-4bac-af42-da7b9777b8ad	GET	http://localhost:5173	/davegray/v2/note
20240320-22:19:17	62732f33-7985-420e-9ac2-92f9ef251ce7	GET	http://localhost:5173	/davegray/v2/employee
20240320-22:19:42	1288c55a-c50c-4171-9da6-c28627b5edf1	GET	http://localhost:5173	/davegray/v2/note
20240320-22:19:42	4ab6eb5e-583b-413e-97e9-f28f9961cedd	GET	http://localhost:5173	/davegray/v2/user
20240320-22:19:44	c925f959-4a7a-414a-aef3-7518782596cb	GET	http://localhost:5173	/davegray/v2/employee
20240320-22:21:54	76517693-4995-428e-9b88-03eb228aaab4	GET	http://localhost:5173	/davegray/v2/employee
20240320-22:22:00	a5d5e271-cea3-4f63-9f52-526271e54075	GET	http://localhost:5173	/davegray/v2/employee
20240320-22:22:00	22c20189-3f91-4c9d-97db-9cf338632529	GET	http://localhost:5173	/davegray/v2/user
20240320-22:22:00	e28535d0-476d-4ddb-aafd-5be5933aa06f	GET	http://localhost:5173	/davegray/v2/note
20240320-22:22:44	bd26ef2c-83e4-4c49-8e6a-d2ee9ea5e249	GET	http://localhost:5173	/davegray/v2/note
20240320-22:22:44	7465027a-e3be-44ab-8c58-43c3d4b333fc	GET	http://localhost:5173	/davegray/v2/user
20240320-22:23:00	c735308b-d3a5-4e9d-83eb-ec5119d6d0d6	GET	http://localhost:5173	/davegray/v2/note
20240320-22:23:00	4ef72e8e-95db-42d8-906f-dedb990f60bf	GET	http://localhost:5173	/davegray/v2/user
20240320-22:23:00	276676f2-b3fe-4048-be6c-98933c62d6e8	GET	http://localhost:5173	/davegray/v2/employee
20240320-22:24:33	cd22bab0-142a-461f-a44f-d9a4f12e56c8	GET	http://localhost:5173	/davegray/v2/employee
20240320-22:24:33	cdb89db9-dc68-455c-ab38-a4e0f9605b64	GET	http://localhost:5173	/davegray/v2/note
20240320-22:24:33	8230af13-7299-4487-8b9a-e73fb3606480	GET	http://localhost:5173	/davegray/v2/user
20240320-22:24:46	9cbcb877-f816-4a5f-84ed-ca641c0d346f	GET	http://localhost:5173	/davegray/v2/user
20240320-22:30:26	0d434ace-3b1c-4f37-83a5-9af7da32da12	GET	http://localhost:5173	/davegray/v2/employee
20240320-22:30:26	1dfaa53b-b15c-45ca-be57-9a88f202d494	GET	http://localhost:5173	/davegray/v2/user
20240320-22:30:26	4c45f6e9-8333-42fd-a6ab-d0c0eb2983b2	GET	http://localhost:5173	/davegray/v2/note
20240320-22:34:15	f5f6ee06-172f-4282-910c-0576a2a39a5e	GET	http://localhost:5173	/davegray/v2/employee
20240320-22:34:15	f237fcdb-3ceb-47c6-86c3-e28fe6a87fbb	GET	http://localhost:5173	/davegray/v2/note
20240320-22:34:15	dc05cef1-4a9f-48ec-a552-e3e4c9896bc8	GET	http://localhost:5173	/davegray/v2/user
20240320-22:34:56	f721a67b-2309-4abb-8f93-dea08095452d	GET	http://localhost:5173	/davegray/v2/employee
20240320-22:34:56	e0a26f0a-247a-40ce-84a6-5fccd3230631	GET	http://localhost:5173	/davegray/v2/user
20240320-22:34:56	cad95712-5bbf-4891-8ce3-11646a73497e	GET	http://localhost:5173	/davegray/v2/note
20240320-22:35:17	5aad3e54-b03f-4191-a629-c010c0ab1a08	GET	http://localhost:5173	/davegray/v2/employee
20240320-22:35:56	af9a81ac-8ece-4a91-9d16-0e47bb0c62d2	GET	http://localhost:5173	/davegray/v2/note
20240320-22:36:34	322ee83e-1260-411c-81c3-ea12e9192272	GET	undefined	/davegray/v2/employee
20240320-22:36:43	8cfb6648-9adf-4485-af67-b683a00953ea	DELETE	undefined	/davegray/v2/auth/signout
20240320-22:36:47	f50bc160-099c-46dd-981f-119f4b00a5f0	GET	undefined	/davegray/v2/employee
20240320-22:36:49	325be890-42b6-4e51-9b6c-f1f40f983520	GET	undefined	/davegray/v2/employee
20240320-22:36:59	ea256a02-59ea-493c-87de-c357902c851d	GET	undefined	/davegray/v2/employee
20240320-22:37:15	3cf116cd-e186-4a5f-b81f-3a34de95fc6a	GET	http://localhost:5173	/davegray/v2/employee
20240320-22:37:39	4e0b0755-bf88-4053-8a68-6e0e3db5a8dc	GET	http://localhost:5173	/davegray/v2/employee
20240320-22:37:46	c12c1cc9-9daf-419d-ba96-67d90c692ce3	GET	http://localhost:5173	/davegray/v2/note
20240320-22:40:53	9207c80e-61a4-4609-98be-6f66a553364b	GET	http://localhost:5173	/davegray/v2/employee
20240320-22:41:03	d72c84b1-4046-4e8d-9594-74beb81ff790	GET	http://localhost:5173	/davegray/v2/note
20240320-22:41:32	a81461b3-cd2c-4b55-9a5a-3b9b4147a6fc	GET	http://localhost:5173	/davegray/v2/employee
20240320-22:43:00	e1e5c270-b9db-4d8b-a06c-545ee3d6319f	GET	http://localhost:5173	/davegray/v2/employee
20240320-22:43:25	a77219eb-b778-471f-bf5c-cdbd85c9dc05	GET	http://localhost:5173	/davegray/v2/note
20240320-22:45:42	905fa568-b25a-4cbc-85c7-06806c36a6ee	GET	http://localhost:5173	/davegray/v2/employee
20240320-22:46:08	14b46b0e-f75a-4a27-a612-bcd8ccd02bae	GET	http://localhost:5173	/davegray/v2/note
20240320-22:46:36	4543eabc-0eb1-484c-9d93-15b3c826fdaa	GET	http://localhost:5173	/davegray/v2/employee
20240320-22:47:07	e7efaa7f-17ae-415f-9715-8b8aa3fba174	GET	http://localhost:5173	/davegray/v2/note
20240320-22:49:19	b177f158-04fb-4588-89fd-938a64514f02	GET	http://localhost:5173	/davegray/v2/employee
20240320-22:49:31	f0a49e13-20a3-4c2f-adcd-883a4f2f78fe	GET	http://localhost:5173	/davegray/v2/note
20240320-22:49:51	e328bf21-bb32-4ff5-b262-1c4ea2f460dd	GET	http://localhost:5173	/davegray/v2/note
20240320-22:50:08	5d7539a9-4ad9-4516-b4a6-602b4cbef228	GET	http://localhost:5173	/davegray/v2/user
20240320-22:50:32	e5cdaf90-f0be-4d3e-b79d-d2a41fa6edbd	GET	http://localhost:5173	/davegray/v2/note
20240320-22:50:39	78121edd-3b76-4707-b91f-18fc5add224c	GET	http://localhost:5173	/davegray/v2/employee
20240320-22:50:42	65a6a443-e193-4620-9f14-ddb7c5326551	GET	http://localhost:5173	/davegray/v2/note
20240320-22:51:03	f926baa1-2bd0-445f-b56f-d635a69fb188	GET	http://localhost:5173	/davegray/v2/note
